<?xml version="1.0" encoding="UTF-8"?>
<!-- Generated by org.testng.reporters.JUnitReportReporter -->
<testsuite hostname="SYS0141" name="com.testsuite.RockWellSmokeTest" tests="1" failures="0" timestamp="27 Jul 2015 12:30:06 GMT" time="37.900" errors="0">
  <testcase name="tc_01_RockWellTest" time="37.900" classname="com.testsuite.RockWellSmokeTest"/>
</testsuite> <!-- com.testsuite.RockWellSmokeTest -->
